[debug] [2026-04-25T18:29:45.187Z] ----------------------------------------------------------------------
[debug] [2026-04-25T18:29:45.190Z] Command:       C:\Program Files\nodejs\node.exe C:\Users\jono1\AppData\Roaming\npm\node_modules\firebase-tools\lib\bin\firebase.js deploy
[debug] [2026-04-25T18:29:45.190Z] CLI Version:   15.0.0
[debug] [2026-04-25T18:29:45.190Z] Platform:      win32
[debug] [2026-04-25T18:29:45.190Z] Node Version:  v24.7.0
[debug] [2026-04-25T18:29:45.190Z] Time:          Sat Apr 25 2026 13:29:45 GMT-0500 (Central Daylight Time)
[debug] [2026-04-25T18:29:45.190Z] ----------------------------------------------------------------------
[debug] 
[debug] [2026-04-25T18:29:46.853Z] > command requires scopes: ["email","openid","https://www.googleapis.com/auth/cloudplatformprojects.readonly","https://www.googleapis.com/auth/firebase","https://www.googleapis.com/auth/cloud-platform"]
[debug] [2026-04-25T18:29:46.854Z] > authorizing via signed-in user (jono591737@gmail.com)
[debug] [2026-04-25T18:29:46.854Z] [iam] checking project mosaic-hymn-database for permissions ["cloudfunctions.functions.create","cloudfunctions.functions.delete","cloudfunctions.functions.get","cloudfunctions.functions.list","cloudfunctions.functions.update","cloudfunctions.operations.get","datastore.indexes.create","datastore.indexes.delete","datastore.indexes.list","datastore.indexes.update","firebase.projects.get","firebasehosting.sites.update","firebaserules.releases.create","firebaserules.releases.update","firebaserules.rulesets.create"]
[debug] [2026-04-25T18:29:46.855Z] Checked if tokens are valid: true, expires at: 1777144624600
[debug] [2026-04-25T18:29:46.855Z] Checked if tokens are valid: true, expires at: 1777144624600
[debug] [2026-04-25T18:29:46.856Z] >>> [apiv2][query] POST https://cloudresourcemanager.googleapis.com/v1/projects/mosaic-hymn-database:testIamPermissions [none]
[debug] [2026-04-25T18:29:46.856Z] >>> [apiv2][(partial)header] POST https://cloudresourcemanager.googleapis.com/v1/projects/mosaic-hymn-database:testIamPermissions x-goog-quota-user=projects/mosaic-hymn-database
[debug] [2026-04-25T18:29:46.856Z] >>> [apiv2][body] POST https://cloudresourcemanager.googleapis.com/v1/projects/mosaic-hymn-database:testIamPermissions {"permissions":["cloudfunctions.functions.create","cloudfunctions.functions.delete","cloudfunctions.functions.get","cloudfunctions.functions.list","cloudfunctions.functions.update","cloudfunctions.operations.get","datastore.indexes.create","datastore.indexes.delete","datastore.indexes.list","datastore.indexes.update","firebase.projects.get","firebasehosting.sites.update","firebaserules.releases.create","firebaserules.releases.update","firebaserules.rulesets.create"]}
[debug] [2026-04-25T18:29:47.058Z] <<< [apiv2][status] POST https://cloudresourcemanager.googleapis.com/v1/projects/mosaic-hymn-database:testIamPermissions 200
[debug] [2026-04-25T18:29:47.059Z] <<< [apiv2][body] POST https://cloudresourcemanager.googleapis.com/v1/projects/mosaic-hymn-database:testIamPermissions {"permissions":["cloudfunctions.functions.create","cloudfunctions.functions.delete","cloudfunctions.functions.get","cloudfunctions.functions.list","cloudfunctions.functions.update","cloudfunctions.operations.get","datastore.indexes.create","datastore.indexes.delete","datastore.indexes.list","datastore.indexes.update","firebase.projects.get","firebasehosting.sites.update","firebaserules.releases.create","firebaserules.releases.update","firebaserules.rulesets.create"]}
[debug] [2026-04-25T18:29:47.059Z] Checked if tokens are valid: true, expires at: 1777144624600
[debug] [2026-04-25T18:29:47.059Z] Checked if tokens are valid: true, expires at: 1777144624600
[debug] [2026-04-25T18:29:47.059Z] >>> [apiv2][query] POST https://iam.googleapis.com/v1/projects/mosaic-hymn-database/serviceAccounts/mosaic-hymn-database@appspot.gserviceaccount.com:testIamPermissions [none]
[debug] [2026-04-25T18:29:47.059Z] >>> [apiv2][body] POST https://iam.googleapis.com/v1/projects/mosaic-hymn-database/serviceAccounts/mosaic-hymn-database@appspot.gserviceaccount.com:testIamPermissions {"permissions":["iam.serviceAccounts.actAs"]}
[debug] [2026-04-25T18:29:47.358Z] <<< [apiv2][status] POST https://iam.googleapis.com/v1/projects/mosaic-hymn-database/serviceAccounts/mosaic-hymn-database@appspot.gserviceaccount.com:testIamPermissions 200
[debug] [2026-04-25T18:29:47.358Z] <<< [apiv2][body] POST https://iam.googleapis.com/v1/projects/mosaic-hymn-database/serviceAccounts/mosaic-hymn-database@appspot.gserviceaccount.com:testIamPermissions {"permissions":["iam.serviceAccounts.actAs"]}
[debug] [2026-04-25T18:29:47.359Z] Checked if tokens are valid: true, expires at: 1777144624600
[debug] [2026-04-25T18:29:47.359Z] Checked if tokens are valid: true, expires at: 1777144624600
[debug] [2026-04-25T18:29:47.359Z] >>> [apiv2][query] GET https://firebase.googleapis.com/v1beta1/projects/mosaic-hymn-database [none]
[debug] [2026-04-25T18:29:47.583Z] <<< [apiv2][status] GET https://firebase.googleapis.com/v1beta1/projects/mosaic-hymn-database 200
[debug] [2026-04-25T18:29:47.583Z] <<< [apiv2][body] GET https://firebase.googleapis.com/v1beta1/projects/mosaic-hymn-database {"projectId":"mosaic-hymn-database","projectNumber":"55153890298","displayName":"Mosaic Hymn Database","name":"projects/mosaic-hymn-database","resources":{"hostingSite":"mosaic-hymn-database"},"state":"ACTIVE","etag":"1_2fb328b1-1652-4b95-981a-f777cb951b04"}
[info] 
[info] === Deploying to 'mosaic-hymn-database'...
[info] 
[info] i  deploying storage, firestore, functions, hosting 
[info] i  storage: ensuring required API firebasestorage.googleapis.com is enabled... 
[debug] [2026-04-25T18:29:47.586Z] Checked if tokens are valid: true, expires at: 1777144624600
[debug] [2026-04-25T18:29:47.586Z] Checked if tokens are valid: true, expires at: 1777144624600
[debug] [2026-04-25T18:29:47.587Z] >>> [apiv2][query] GET https://firebasestorage.googleapis.com/v1alpha/projects/mosaic-hymn-database/defaultBucket [none]
[debug] [2026-04-25T18:29:47.837Z] <<< [apiv2][status] GET https://firebasestorage.googleapis.com/v1alpha/projects/mosaic-hymn-database/defaultBucket 200
[debug] [2026-04-25T18:29:47.837Z] <<< [apiv2][body] GET https://firebasestorage.googleapis.com/v1alpha/projects/mosaic-hymn-database/defaultBucket {"name":"projects/mosaic-hymn-database/defaultBucket","location":"US-CENTRAL1","bucket":{"name":"projects/mosaic-hymn-database/buckets/mosaic-hymn-database.firebasestorage.app"},"storageClass":"REGIONAL"}
[info] i  firebase.storage: checking storage.rules for compilation errors... 
[debug] [2026-04-25T18:29:47.838Z] Checked if tokens are valid: true, expires at: 1777144624600
[debug] [2026-04-25T18:29:47.839Z] Checked if tokens are valid: true, expires at: 1777144624600
[debug] [2026-04-25T18:29:47.839Z] >>> [apiv2][query] POST https://firebaserules.googleapis.com/v1/projects/mosaic-hymn-database:test [none]
[debug] [2026-04-25T18:29:47.839Z] >>> [apiv2][body] POST https://firebaserules.googleapis.com/v1/projects/mosaic-hymn-database:test [omitted]
[debug] [2026-04-25T18:29:47.965Z] <<< [apiv2][status] POST https://firebaserules.googleapis.com/v1/projects/mosaic-hymn-database:test 200
[debug] [2026-04-25T18:29:47.966Z] <<< [apiv2][body] POST https://firebaserules.googleapis.com/v1/projects/mosaic-hymn-database:test {}
[info] +  firebase.storage: rules file storage.rules compiled successfully 
[info] i  firestore: ensuring required API firestore.googleapis.com is enabled... 
[info] i  firestore: ensuring required API firestore.googleapis.com is enabled... 
[debug] [2026-04-25T18:29:47.968Z] Checked if tokens are valid: true, expires at: 1777144624600
[debug] [2026-04-25T18:29:47.968Z] Checked if tokens are valid: true, expires at: 1777144624600
[debug] [2026-04-25T18:29:47.968Z] >>> [apiv2][query] GET https://firestore.googleapis.com/v1/projects/mosaic-hymn-database/databases/(default) [none]
[debug] [2026-04-25T18:29:48.204Z] <<< [apiv2][status] GET https://firestore.googleapis.com/v1/projects/mosaic-hymn-database/databases/(default) 200
[debug] [2026-04-25T18:29:48.205Z] <<< [apiv2][body] GET https://firestore.googleapis.com/v1/projects/mosaic-hymn-database/databases/(default) {"name":"projects/mosaic-hymn-database/databases/(default)","uid":"3e8fca96-5e77-454f-bd07-d73afb11347b","createTime":"2025-12-16T22:05:30.886024Z","updateTime":"2025-12-16T22:05:30.886024Z","locationId":"nam5","type":"FIRESTORE_NATIVE","concurrencyMode":"PESSIMISTIC","versionRetentionPeriod":"3600s","earliestVersionTime":"2026-04-25T17:29:48.315359Z","appEngineIntegrationMode":"DISABLED","keyPrefix":"s","pointInTimeRecoveryEnablement":"POINT_IN_TIME_RECOVERY_DISABLED","deleteProtectionState":"DELETE_PROTECTION_DISABLED","databaseEdition":"STANDARD","freeTier":true,"realtimeUpdatesMode":"REALTIME_UPDATES_MODE_ENABLED","etag":"IIiZiIjRiZQDMIX2rvGc5pID"}
[info] i  cloud.firestore: checking firestore.rules for compilation errors... 
[debug] [2026-04-25T18:29:48.205Z] Checked if tokens are valid: true, expires at: 1777144624600
[debug] [2026-04-25T18:29:48.205Z] Checked if tokens are valid: true, expires at: 1777144624600
[debug] [2026-04-25T18:29:48.205Z] >>> [apiv2][query] POST https://firebaserules.googleapis.com/v1/projects/mosaic-hymn-database:test [none]
[debug] [2026-04-25T18:29:48.205Z] >>> [apiv2][body] POST https://firebaserules.googleapis.com/v1/projects/mosaic-hymn-database:test [omitted]
[debug] [2026-04-25T18:29:48.300Z] <<< [apiv2][status] POST https://firebaserules.googleapis.com/v1/projects/mosaic-hymn-database:test 200
[debug] [2026-04-25T18:29:48.300Z] <<< [apiv2][body] POST https://firebaserules.googleapis.com/v1/projects/mosaic-hymn-database:test {}
[info] +  cloud.firestore: rules file firestore.rules compiled successfully 
[debug] [2026-04-25T18:29:48.302Z] Checked if tokens are valid: true, expires at: 1777144624600
[debug] [2026-04-25T18:29:48.302Z] Checked if tokens are valid: true, expires at: 1777144624600
[debug] [2026-04-25T18:29:48.302Z] >>> [apiv2][query] GET https://cloudresourcemanager.googleapis.com/v1/projects/mosaic-hymn-database [none]
[debug] [2026-04-25T18:29:48.367Z] <<< [apiv2][status] GET https://cloudresourcemanager.googleapis.com/v1/projects/mosaic-hymn-database 200
[debug] [2026-04-25T18:29:48.367Z] <<< [apiv2][body] GET https://cloudresourcemanager.googleapis.com/v1/projects/mosaic-hymn-database {"projectNumber":"55153890298","projectId":"mosaic-hymn-database","lifecycleState":"ACTIVE","name":"Mosaic Hymn Database","labels":{"firebase":"enabled","firebase-core":"disabled"},"createTime":"2025-12-16T18:23:55.909171Z"}
[info] i  functions: preparing codebase default for deployment 
[info] i  functions: ensuring required API cloudfunctions.googleapis.com is enabled... 
[info] i  functions: ensuring required API cloudbuild.googleapis.com is enabled... 
[info] i  artifactregistry: ensuring required API artifactregistry.googleapis.com is enabled... 
[debug] [2026-04-25T18:29:48.369Z] Checked if tokens are valid: true, expires at: 1777144624600
[debug] [2026-04-25T18:29:48.369Z] Checked if tokens are valid: true, expires at: 1777144624600
[debug] [2026-04-25T18:29:48.369Z] >>> [apiv2][query] GET https://firebase.googleapis.com/v1beta1/projects/mosaic-hymn-database/adminSdkConfig [none]
[debug] [2026-04-25T18:29:48.540Z] <<< [apiv2][status] GET https://firebase.googleapis.com/v1beta1/projects/mosaic-hymn-database/adminSdkConfig 200
[debug] [2026-04-25T18:29:48.540Z] <<< [apiv2][body] GET https://firebase.googleapis.com/v1beta1/projects/mosaic-hymn-database/adminSdkConfig {"projectId":"mosaic-hymn-database","storageBucket":"mosaic-hymn-database.firebasestorage.app"}
[debug] [2026-04-25T18:29:48.542Z] Validating nodejs source
